{"contracts/Escrow.sol":{"l":{"26":3,"27":1,"29":2,"33":5,"34":1,"36":4,"40":4,"41":1,"43":3,"47":2,"48":1,"50":1,"54":27,"55":27,"56":27,"57":27,"61":1,"62":1,"63":1,"64":1,"65":1,"69":3,"70":3,"71":3},"path":"/Users/Shared/dev/projects/evm/alchemy-university/escrow-hardhat/contracts/Escrow.sol","s":{"1":3,"2":5,"3":4,"4":2,"5":1,"6":1,"7":1,"8":1,"9":3,"10":3},"b":{"1":[1,2],"2":[1,4],"3":[1,3],"4":[1,1],"5":[2,1],"6":[1,1],"7":[1,0],"8":[4,1],"9":[3,1],"10":[3,0]},"f":{"1":3,"2":5,"3":4,"4":2,"5":27,"6":1,"7":3},"fnMap":{"1":{"name":"onlyArbiter","line":25,"loc":{"start":{"line":25,"column":2},"end":{"line":30,"column":2}}},"2":{"name":"onlyDepositor","line":32,"loc":{"start":{"line":32,"column":2},"end":{"line":37,"column":2}}},"3":{"name":"notExpired","line":39,"loc":{"start":{"line":39,"column":2},"end":{"line":44,"column":2}}},"4":{"name":"notReturned","line":46,"loc":{"start":{"line":46,"column":2},"end":{"line":51,"column":2}}},"5":{"name":"constructor","line":53,"loc":{"start":{"line":53,"column":1},"end":{"line":58,"column":1}}},"6":{"name":"approve","line":60,"loc":{"start":{"line":60,"column":1},"end":{"line":66,"column":1}}},"7":{"name":"returnFunds","line":68,"loc":{"start":{"line":68,"column":2},"end":{"line":72,"column":2}}}},"statementMap":{"1":{"start":{"line":26,"column":4},"end":{"line":26,"column":518}},"2":{"start":{"line":33,"column":4},"end":{"line":33,"column":637}},"3":{"start":{"line":40,"column":4},"end":{"line":40,"column":755}},"4":{"start":{"line":47,"column":4},"end":{"line":47,"column":865}},"5":{"start":{"line":61,"column":2},"end":{"line":61,"column":38}},"6":{"start":{"line":62,"column":2},"end":{"line":62,"column":63}},"7":{"start":{"line":63,"column":3},"end":{"line":63,"column":39}},"8":{"start":{"line":64,"column":2},"end":{"line":64,"column":24}},"9":{"start":{"line":69,"column":4},"end":{"line":69,"column":80}},"10":{"start":{"line":70,"column":4},"end":{"line":70,"column":36}}},"branchMap":{"1":{"line":26,"type":"if","locations":[{"start":{"line":26,"column":4},"end":{"line":26,"column":4}},{"start":{"line":26,"column":4},"end":{"line":26,"column":4}}]},"2":{"line":33,"type":"if","locations":[{"start":{"line":33,"column":4},"end":{"line":33,"column":4}},{"start":{"line":33,"column":4},"end":{"line":33,"column":4}}]},"3":{"line":40,"type":"if","locations":[{"start":{"line":40,"column":4},"end":{"line":40,"column":4}},{"start":{"line":40,"column":4},"end":{"line":40,"column":4}}]},"4":{"line":47,"type":"if","locations":[{"start":{"line":47,"column":4},"end":{"line":47,"column":4}},{"start":{"line":47,"column":4},"end":{"line":47,"column":4}}]},"5":{"line":60,"type":"if","locations":[{"start":{"line":60,"column":29},"end":{"line":60,"column":29}},{"start":{"line":60,"column":29},"end":{"line":60,"column":29}}]},"6":{"line":60,"type":"if","locations":[{"start":{"line":60,"column":41},"end":{"line":60,"column":41}},{"start":{"line":60,"column":41},"end":{"line":60,"column":41}}]},"7":{"line":63,"type":"if","locations":[{"start":{"line":63,"column":3},"end":{"line":63,"column":3}},{"start":{"line":63,"column":3},"end":{"line":63,"column":3}}]},"8":{"line":68,"type":"if","locations":[{"start":{"line":68,"column":32},"end":{"line":68,"column":32}},{"start":{"line":68,"column":32},"end":{"line":68,"column":32}}]},"9":{"line":68,"type":"if","locations":[{"start":{"line":68,"column":46},"end":{"line":68,"column":46}},{"start":{"line":68,"column":46},"end":{"line":68,"column":46}}]},"10":{"line":70,"type":"if","locations":[{"start":{"line":70,"column":4},"end":{"line":70,"column":4}},{"start":{"line":70,"column":4},"end":{"line":70,"column":4}}]}}}}