TN:
SF:/Users/Shared/dev/projects/evm/alchemy-university/escrow-hardhat/contracts/Escrow.sol
FN:25,onlyArbiter
FN:32,onlyDepositor
FN:39,notExpired
FN:46,notReturned
FN:53,constructor
FN:60,approve
FN:68,returnFunds
FNF:7
FNH:7
FNDA:3,onlyArbiter
FNDA:5,onlyDepositor
FNDA:4,notExpired
FNDA:2,notReturned
FNDA:27,constructor
FNDA:1,approve
FNDA:3,returnFunds
DA:26,3
DA:27,1
DA:29,2
DA:33,5
DA:34,1
DA:36,4
DA:40,4
DA:41,1
DA:43,3
DA:47,2
DA:48,1
DA:50,1
DA:54,27
DA:55,27
DA:56,27
DA:57,27
DA:61,1
DA:62,1
DA:63,1
DA:64,1
DA:65,1
DA:69,3
DA:70,3
DA:71,3
LF:24
LH:24
BRDA:26,1,0,1
BRDA:26,1,1,2
BRDA:33,2,0,1
BRDA:33,2,1,4
BRDA:40,3,0,1
BRDA:40,3,1,3
BRDA:47,4,0,1
BRDA:47,4,1,1
BRDA:60,5,0,2
BRDA:60,5,1,1
BRDA:60,6,0,1
BRDA:60,6,1,1
BRDA:63,7,0,1
BRDA:63,7,1,0
BRDA:68,8,0,4
BRDA:68,8,1,1
BRDA:68,9,0,3
BRDA:68,9,1,1
BRDA:70,10,0,3
BRDA:70,10,1,0
BRF:20
BRH:18
end_of_record
